app/build/intermediates/manifest_merge_blame_file/debug/manifest-merger-blame-debug-report.txt
1<?xml version="1.0" encoding="utf-8"?>
2<manifest xmlns:android="http://schemas.android.com/apk/res/android"
3    package="com.vr.smartreceivingnew"
4    android:versionCode="1"
5    android:versionName="1.0" >
6
7    <uses-sdk
8        android:minSdkVersion="24"
9        android:targetSdkVersion="34" />
10
11    <uses-permission android:name="android.permission.INTERNET" />
11-->src\main\AndroidManifest.xml:5:5-67
11-->src\main\AndroidManifest.xml:5:22-64
12    <uses-permission android:name="android.permission.ACCESS_NETWORK_STATE" />
12-->src\main\AndroidManifest.xml:6:5-79
12-->src\main\AndroidManifest.xml:6:22-76
13    <uses-permission android:name="android.permission.CAMERA" />
13-->src\main\AndroidManifest.xml:7:5-65
13-->src\main\AndroidManifest.xml:7:22-62
14
15    <uses-feature
15-->src\main\AndroidManifest.xml:9:5-11:36
16        android:name="android.hardware.camera"
16-->src\main\AndroidManifest.xml:10:9-47
17        android:required="false" />
17-->src\main\AndroidManifest.xml:11:9-33
18
19    <permission
19-->[androidx.core:core:1.9.0] AndroidManifest.xml:22:5-24:47
20        android:name="com.vr.smartreceivingnew.DYNAMIC_RECEIVER_NOT_EXPORTED_PERMISSION"
20-->[androidx.core:core:1.9.0] AndroidManifest.xml:23:9-81
21        android:protectionLevel="signature" />
21-->[androidx.core:core:1.9.0] AndroidManifest.xml:24:9-44
22
23    <uses-permission android:name="com.vr.smartreceivingnew.DYNAMIC_RECEIVER_NOT_EXPORTED_PERMISSION" />
23-->[androidx.core:core:1.9.0] AndroidManifest.xml:26:5-97
23-->[androidx.core:core:1.9.0] AndroidManifest.xml:26:22-94
24
25    <application
25-->src\main\AndroidManifest.xml:13:5-77:19
26        android:allowBackup="true"
26-->src\main\AndroidManifest.xml:14:9-35
27        android:appComponentFactory="androidx.core.app.CoreComponentFactory"
27-->[androidx.core:core:1.9.0] AndroidManifest.xml:28:18-86
28        android:dataExtractionRules="@xml/data_extraction_rules"
28-->src\main\AndroidManifest.xml:15:9-65
29        android:debuggable="true"
30        android:extractNativeLibs="false"
31        android:fullBackupContent="@xml/backup_rules"
31-->src\main\AndroidManifest.xml:16:9-54
32        android:icon="@drawable/ic_logo"
32-->src\main\AndroidManifest.xml:17:9-41
33        android:label="@string/app_name"
33-->src\main\AndroidManifest.xml:18:9-41
34        android:roundIcon="@drawable/ic_logo"
34-->src\main\AndroidManifest.xml:19:9-46
35        android:supportsRtl="true"
35-->src\main\AndroidManifest.xml:20:9-35
36        android:theme="@style/Theme.SmartReceiving" >
36-->src\main\AndroidManifest.xml:21:9-52
37        <activity
37-->src\main\AndroidManifest.xml:23:9-25:40
38            android:name="com.vr.smartreceivingnew.activity.user.scan.SecondScanActivity"
38-->src\main\AndroidManifest.xml:24:13-66
39            android:exported="false" />
39-->src\main\AndroidManifest.xml:25:13-37
40        <activity
40-->src\main\AndroidManifest.xml:26:9-28:40
41            android:name="com.vr.smartreceivingnew.activity.user.scan.FirstScanActivity"
41-->src\main\AndroidManifest.xml:27:13-65
42            android:exported="false" />
42-->src\main\AndroidManifest.xml:28:13-37
43        <activity
43-->src\main\AndroidManifest.xml:29:9-31:40
44            android:name="com.vr.smartreceivingnew.activity.user.scan.SingleScanActivity"
44-->src\main\AndroidManifest.xml:30:13-66
45            android:exported="false" />
45-->src\main\AndroidManifest.xml:31:13-37
46        <activity
46-->src\main\AndroidManifest.xml:32:9-34:40
47            android:name="com.vr.smartreceivingnew.activity.user.RakScanActivity"
47-->src\main\AndroidManifest.xml:33:13-58
48            android:exported="false" />
48-->src\main\AndroidManifest.xml:34:13-37
49        <activity
49-->src\main\AndroidManifest.xml:35:9-37:40
50            android:name="com.vr.smartreceivingnew.activity.user.BeforeScanActivity"
50-->src\main\AndroidManifest.xml:36:13-61
51            android:exported="false" />
51-->src\main\AndroidManifest.xml:37:13-37
52        <activity
52-->src\main\AndroidManifest.xml:38:9-40:40
53            android:name="com.vr.smartreceivingnew.activity.user.ReportActivityUser"
53-->src\main\AndroidManifest.xml:39:13-61
54            android:exported="false" />
54-->src\main\AndroidManifest.xml:40:13-37
55        <activity
55-->src\main\AndroidManifest.xml:41:9-43:40
56            android:name="com.vr.smartreceivingnew.activity.admin.AddUserActivity"
56-->src\main\AndroidManifest.xml:42:13-59
57            android:exported="false" />
57-->src\main\AndroidManifest.xml:43:13-37
58        <activity
58-->src\main\AndroidManifest.xml:44:9-46:40
59            android:name="com.vr.smartreceivingnew.activity.admin.ListUserActivity"
59-->src\main\AndroidManifest.xml:45:13-60
60            android:exported="false" />
60-->src\main\AndroidManifest.xml:46:13-37
61        <activity
61-->src\main\AndroidManifest.xml:47:9-49:40
62            android:name="com.vr.smartreceivingnew.activity.user.ScanActivity"
62-->src\main\AndroidManifest.xml:48:13-55
63            android:exported="false" />
63-->src\main\AndroidManifest.xml:49:13-37
64        <activity
64-->src\main\AndroidManifest.xml:50:9-52:40
65            android:name="com.vr.smartreceivingnew.activity.user.UserActivity"
65-->src\main\AndroidManifest.xml:51:13-55
66            android:exported="false" />
66-->src\main\AndroidManifest.xml:52:13-37
67        <activity
67-->src\main\AndroidManifest.xml:53:9-55:40
68            android:name="com.vr.smartreceivingnew.activity.admin.ReportActivity"
68-->src\main\AndroidManifest.xml:54:13-58
69            android:exported="false" />
69-->src\main\AndroidManifest.xml:55:13-37
70        <activity
70-->src\main\AndroidManifest.xml:56:9-58:40
71            android:name="com.vr.smartreceivingnew.activity.admin.AddActivity"
71-->src\main\AndroidManifest.xml:57:13-55
72            android:exported="false" />
72-->src\main\AndroidManifest.xml:58:13-37
73        <activity
73-->src\main\AndroidManifest.xml:59:9-61:40
74            android:name="com.vr.smartreceivingnew.activity.admin.AdminActivity"
74-->src\main\AndroidManifest.xml:60:13-57
75            android:exported="false" />
75-->src\main\AndroidManifest.xml:61:13-37
76        <activity
76-->src\main\AndroidManifest.xml:62:9-64:40
77            android:name="com.vr.smartreceivingnew.activity.LoginActivity"
77-->src\main\AndroidManifest.xml:63:13-51
78            android:exported="false" />
78-->src\main\AndroidManifest.xml:64:13-37
79        <activity
79-->src\main\AndroidManifest.xml:65:9-73:20
80            android:name="com.vr.smartreceivingnew.SplashActivity"
80-->src\main\AndroidManifest.xml:66:13-43
81            android:exported="true" >
81-->src\main\AndroidManifest.xml:67:13-36
82            <intent-filter>
82-->src\main\AndroidManifest.xml:68:13-72:29
83                <action android:name="android.intent.action.MAIN" />
83-->src\main\AndroidManifest.xml:69:17-69
83-->src\main\AndroidManifest.xml:69:25-66
84
85                <category android:name="android.intent.category.LAUNCHER" />
85-->src\main\AndroidManifest.xml:71:17-77
85-->src\main\AndroidManifest.xml:71:27-74
86            </intent-filter>
87        </activity>
88        <activity
88-->src\main\AndroidManifest.xml:74:9-76:39
89            android:name="com.vr.smartreceivingnew.MainActivity"
89-->src\main\AndroidManifest.xml:75:13-41
90            android:exported="true" />
90-->src\main\AndroidManifest.xml:76:13-36
91
92        <service
92-->[com.google.firebase:firebase-firestore-ktx:24.8.1] AndroidManifest.xml:9:9-15:19
93            android:name="com.google.firebase.components.ComponentDiscoveryService"
93-->[com.google.firebase:firebase-firestore-ktx:24.8.1] AndroidManifest.xml:10:13-84
94            android:directBootAware="true"
94-->[com.google.firebase:firebase-common:20.3.3] AndroidManifest.xml:34:13-43
95            android:exported="false" >
95-->[com.google.firebase:firebase-firestore-ktx:24.8.1] AndroidManifest.xml:11:13-37
96            <meta-data
96-->[com.google.firebase:firebase-firestore-ktx:24.8.1] AndroidManifest.xml:12:13-14:85
97                android:name="com.google.firebase.components:com.google.firebase.firestore.ktx.FirebaseFirestoreKtxRegistrar"
97-->[com.google.firebase:firebase-firestore-ktx:24.8.1] AndroidManifest.xml:13:17-126
98                android:value="com.google.firebase.components.ComponentRegistrar" />
98-->[com.google.firebase:firebase-firestore-ktx:24.8.1] AndroidManifest.xml:14:17-82
99            <meta-data
99-->[com.google.firebase:firebase-storage-ktx:20.2.1] AndroidManifest.xml:14:13-16:85
100                android:name="com.google.firebase.components:com.google.firebase.storage.ktx.FirebaseStorageKtxRegistrar"
100-->[com.google.firebase:firebase-storage-ktx:20.2.1] AndroidManifest.xml:15:17-122
101                android:value="com.google.firebase.components.ComponentRegistrar" />
101-->[com.google.firebase:firebase-storage-ktx:20.2.1] AndroidManifest.xml:16:17-82
102            <meta-data
102-->[com.google.firebase:firebase-appcheck-ktx:17.0.1] AndroidManifest.xml:26:13-28:85
103                android:name="com.google.firebase.components:com.google.firebase.appcheck.ktx.FirebaseAppCheckKtxRegistrar"
103-->[com.google.firebase:firebase-appcheck-ktx:17.0.1] AndroidManifest.xml:27:17-124
104                android:value="com.google.firebase.components.ComponentRegistrar" />
104-->[com.google.firebase:firebase-appcheck-ktx:17.0.1] AndroidManifest.xml:28:17-82
105            <meta-data
105-->[com.google.firebase:firebase-common-ktx:20.3.3] AndroidManifest.xml:14:13-16:85
106                android:name="com.google.firebase.components:com.google.firebase.ktx.FirebaseCommonKtxRegistrar"
106-->[com.google.firebase:firebase-common-ktx:20.3.3] AndroidManifest.xml:15:17-113
107                android:value="com.google.firebase.components.ComponentRegistrar" />
107-->[com.google.firebase:firebase-common-ktx:20.3.3] AndroidManifest.xml:16:17-82
108            <meta-data
108-->[com.google.firebase:firebase-auth:22.1.1] AndroidManifest.xml:69:13-71:85
109                android:name="com.google.firebase.components:com.google.firebase.auth.FirebaseAuthRegistrar"
109-->[com.google.firebase:firebase-auth:22.1.1] AndroidManifest.xml:70:17-109
110                android:value="com.google.firebase.components.ComponentRegistrar" />
110-->[com.google.firebase:firebase-auth:22.1.1] AndroidManifest.xml:71:17-82
111            <meta-data
111-->[com.google.firebase:firebase-firestore:24.8.1] AndroidManifest.xml:17:13-19:85
112                android:name="com.google.firebase.components:com.google.firebase.firestore.FirestoreRegistrar"
112-->[com.google.firebase:firebase-firestore:24.8.1] AndroidManifest.xml:18:17-111
113                android:value="com.google.firebase.components.ComponentRegistrar" />
113-->[com.google.firebase:firebase-firestore:24.8.1] AndroidManifest.xml:19:17-82
114            <meta-data
114-->[com.google.firebase:firebase-appcheck-debug:17.0.1] AndroidManifest.xml:27:13-29:85
115                android:name="com.google.firebase.components:com.google.firebase.appcheck.debug.FirebaseAppCheckDebugRegistrar"
115-->[com.google.firebase:firebase-appcheck-debug:17.0.1] AndroidManifest.xml:28:17-128
116                android:value="com.google.firebase.components.ComponentRegistrar" />
116-->[com.google.firebase:firebase-appcheck-debug:17.0.1] AndroidManifest.xml:29:17-82
117            <meta-data
117-->[com.google.firebase:firebase-storage:20.2.1] AndroidManifest.xml:32:13-34:85
118                android:name="com.google.firebase.components:com.google.firebase.storage.StorageRegistrar"
118-->[com.google.firebase:firebase-storage:20.2.1] AndroidManifest.xml:33:17-107
119                android:value="com.google.firebase.components.ComponentRegistrar" />
119-->[com.google.firebase:firebase-storage:20.2.1] AndroidManifest.xml:34:17-82
120            <meta-data
120-->[com.google.firebase:firebase-appcheck:17.0.1] AndroidManifest.xml:27:13-29:85
121                android:name="com.google.firebase.components:com.google.firebase.appcheck.FirebaseAppCheckRegistrar"
121-->[com.google.firebase:firebase-appcheck:17.0.1] AndroidManifest.xml:28:17-117
122                android:value="com.google.firebase.components.ComponentRegistrar" />
122-->[com.google.firebase:firebase-appcheck:17.0.1] AndroidManifest.xml:29:17-82
123        </service>
124
125        <activity
125-->[com.google.firebase:firebase-auth:22.1.1] AndroidManifest.xml:29:9-46:20
126            android:name="com.google.firebase.auth.internal.GenericIdpActivity"
126-->[com.google.firebase:firebase-auth:22.1.1] AndroidManifest.xml:30:13-80
127            android:excludeFromRecents="true"
127-->[com.google.firebase:firebase-auth:22.1.1] AndroidManifest.xml:31:13-46
128            android:exported="true"
128-->[com.google.firebase:firebase-auth:22.1.1] AndroidManifest.xml:32:13-36
129            android:launchMode="singleTask"
129-->[com.google.firebase:firebase-auth:22.1.1] AndroidManifest.xml:33:13-44
130            android:theme="@android:style/Theme.Translucent.NoTitleBar" >
130-->[com.google.firebase:firebase-auth:22.1.1] AndroidManifest.xml:34:13-72
131            <intent-filter>
131-->[com.google.firebase:firebase-auth:22.1.1] AndroidManifest.xml:35:13-45:29
132                <action android:name="android.intent.action.VIEW" />
132-->[com.google.firebase:firebase-auth:22.1.1] AndroidManifest.xml:36:17-69
132-->[com.google.firebase:firebase-auth:22.1.1] AndroidManifest.xml:36:25-66
133
134                <category android:name="android.intent.category.DEFAULT" />
134-->[com.google.firebase:firebase-auth:22.1.1] AndroidManifest.xml:38:17-76
134-->[com.google.firebase:firebase-auth:22.1.1] AndroidManifest.xml:38:27-73
135                <category android:name="android.intent.category.BROWSABLE" />
135-->[com.google.firebase:firebase-auth:22.1.1] AndroidManifest.xml:39:17-78
135-->[com.google.firebase:firebase-auth:22.1.1] AndroidManifest.xml:39:27-75
136
137                <data
137-->[com.google.firebase:firebase-auth:22.1.1] AndroidManifest.xml:41:17-44:51
138                    android:host="firebase.auth"
138-->[com.google.firebase:firebase-auth:22.1.1] AndroidManifest.xml:42:21-49
139                    android:path="/"
139-->[com.google.firebase:firebase-auth:22.1.1] AndroidManifest.xml:43:21-37
140                    android:scheme="genericidp" />
140-->[com.google.firebase:firebase-auth:22.1.1] AndroidManifest.xml:44:21-48
141            </intent-filter>
142        </activity>
143        <activity
143-->[com.google.firebase:firebase-auth:22.1.1] AndroidManifest.xml:47:9-64:20
144            android:name="com.google.firebase.auth.internal.RecaptchaActivity"
144-->[com.google.firebase:firebase-auth:22.1.1] AndroidManifest.xml:48:13-79
145            android:excludeFromRecents="true"
145-->[com.google.firebase:firebase-auth:22.1.1] AndroidManifest.xml:49:13-46
146            android:exported="true"
146-->[com.google.firebase:firebase-auth:22.1.1] AndroidManifest.xml:50:13-36
147            android:launchMode="singleTask"
147-->[com.google.firebase:firebase-auth:22.1.1] AndroidManifest.xml:51:13-44
148            android:theme="@android:style/Theme.Translucent.NoTitleBar" >
148-->[com.google.firebase:firebase-auth:22.1.1] AndroidManifest.xml:52:13-72
149            <intent-filter>
149-->[com.google.firebase:firebase-auth:22.1.1] AndroidManifest.xml:53:13-63:29
150                <action android:name="android.intent.action.VIEW" />
150-->[com.google.firebase:firebase-auth:22.1.1] AndroidManifest.xml:36:17-69
150-->[com.google.firebase:firebase-auth:22.1.1] AndroidManifest.xml:36:25-66
151
152                <category android:name="android.intent.category.DEFAULT" />
152-->[com.google.firebase:firebase-auth:22.1.1] AndroidManifest.xml:38:17-76
152-->[com.google.firebase:firebase-auth:22.1.1] AndroidManifest.xml:38:27-73
153                <category android:name="android.intent.category.BROWSABLE" />
153-->[com.google.firebase:firebase-auth:22.1.1] AndroidManifest.xml:39:17-78
153-->[com.google.firebase:firebase-auth:22.1.1] AndroidManifest.xml:39:27-75
154
155                <data
155-->[com.google.firebase:firebase-auth:22.1.1] AndroidManifest.xml:41:17-44:51
156                    android:host="firebase.auth"
156-->[com.google.firebase:firebase-auth:22.1.1] AndroidManifest.xml:42:21-49
157                    android:path="/"
157-->[com.google.firebase:firebase-auth:22.1.1] AndroidManifest.xml:43:21-37
158                    android:scheme="recaptcha" />
158-->[com.google.firebase:firebase-auth:22.1.1] AndroidManifest.xml:44:21-48
159            </intent-filter>
160        </activity>
161
162        <provider
162-->[com.google.firebase:firebase-common:20.3.3] AndroidManifest.xml:25:9-30:39
163            android:name="com.google.firebase.provider.FirebaseInitProvider"
163-->[com.google.firebase:firebase-common:20.3.3] AndroidManifest.xml:26:13-77
164            android:authorities="com.vr.smartreceivingnew.firebaseinitprovider"
164-->[com.google.firebase:firebase-common:20.3.3] AndroidManifest.xml:27:13-72
165            android:directBootAware="true"
165-->[com.google.firebase:firebase-common:20.3.3] AndroidManifest.xml:28:13-43
166            android:exported="false"
166-->[com.google.firebase:firebase-common:20.3.3] AndroidManifest.xml:29:13-37
167            android:initOrder="100" />
167-->[com.google.firebase:firebase-common:20.3.3] AndroidManifest.xml:30:13-36
168
169        <activity
169-->[com.google.android.gms:play-services-base:18.0.1] AndroidManifest.xml:20:9-22:45
170            android:name="com.google.android.gms.common.api.GoogleApiActivity"
170-->[com.google.android.gms:play-services-base:18.0.1] AndroidManifest.xml:20:19-85
171            android:exported="false"
171-->[com.google.android.gms:play-services-base:18.0.1] AndroidManifest.xml:22:19-43
172            android:theme="@android:style/Theme.Translucent.NoTitleBar" />
172-->[com.google.android.gms:play-services-base:18.0.1] AndroidManifest.xml:21:19-78
173
174        <meta-data
174-->[com.google.android.gms:play-services-basement:18.1.0] AndroidManifest.xml:21:9-23:69
175            android:name="com.google.android.gms.version"
175-->[com.google.android.gms:play-services-basement:18.1.0] AndroidManifest.xml:22:13-58
176            android:value="@integer/google_play_services_version" />
176-->[com.google.android.gms:play-services-basement:18.1.0] AndroidManifest.xml:23:13-66
177
178        <provider
178-->[androidx.emoji2:emoji2:1.2.0] AndroidManifest.xml:24:9-32:20
179            android:name="androidx.startup.InitializationProvider"
179-->[androidx.emoji2:emoji2:1.2.0] AndroidManifest.xml:25:13-67
180            android:authorities="com.vr.smartreceivingnew.androidx-startup"
180-->[androidx.emoji2:emoji2:1.2.0] AndroidManifest.xml:26:13-68
181            android:exported="false" >
181-->[androidx.emoji2:emoji2:1.2.0] AndroidManifest.xml:27:13-37
182            <meta-data
182-->[androidx.emoji2:emoji2:1.2.0] AndroidManifest.xml:29:13-31:52
183                android:name="androidx.emoji2.text.EmojiCompatInitializer"
183-->[androidx.emoji2:emoji2:1.2.0] AndroidManifest.xml:30:17-75
184                android:value="androidx.startup" />
184-->[androidx.emoji2:emoji2:1.2.0] AndroidManifest.xml:31:17-49
185            <meta-data
185-->[androidx.lifecycle:lifecycle-process:2.6.1] AndroidManifest.xml:29:13-31:52
186                android:name="androidx.lifecycle.ProcessLifecycleInitializer"
186-->[androidx.lifecycle:lifecycle-process:2.6.1] AndroidManifest.xml:30:17-78
187                android:value="androidx.startup" />
187-->[androidx.lifecycle:lifecycle-process:2.6.1] AndroidManifest.xml:31:17-49
188            <meta-data
188-->[androidx.profileinstaller:profileinstaller:1.3.0] AndroidManifest.xml:29:13-31:52
189                android:name="androidx.profileinstaller.ProfileInstallerInitializer"
189-->[androidx.profileinstaller:profileinstaller:1.3.0] AndroidManifest.xml:30:17-85
190                android:value="androidx.startup" />
190-->[androidx.profileinstaller:profileinstaller:1.3.0] AndroidManifest.xml:31:17-49
191        </provider>
192
193        <receiver
193-->[androidx.profileinstaller:profileinstaller:1.3.0] AndroidManifest.xml:34:9-52:20
194            android:name="androidx.profileinstaller.ProfileInstallReceiver"
194-->[androidx.profileinstaller:profileinstaller:1.3.0] AndroidManifest.xml:35:13-76
195            android:directBootAware="false"
195-->[androidx.profileinstaller:profileinstaller:1.3.0] AndroidManifest.xml:36:13-44
196            android:enabled="true"
196-->[androidx.profileinstaller:profileinstaller:1.3.0] AndroidManifest.xml:37:13-35
197            android:exported="true"
197-->[androidx.profileinstaller:profileinstaller:1.3.0] AndroidManifest.xml:38:13-36
198            android:permission="android.permission.DUMP" >
198-->[androidx.profileinstaller:profileinstaller:1.3.0] AndroidManifest.xml:39:13-57
199            <intent-filter>
199-->[androidx.profileinstaller:profileinstaller:1.3.0] AndroidManifest.xml:40:13-42:29
200                <action android:name="androidx.profileinstaller.action.INSTALL_PROFILE" />
200-->[androidx.profileinstaller:profileinstaller:1.3.0] AndroidManifest.xml:41:17-91
200-->[androidx.profileinstaller:profileinstaller:1.3.0] AndroidManifest.xml:41:25-88
201            </intent-filter>
202            <intent-filter>
202-->[androidx.profileinstaller:profileinstaller:1.3.0] AndroidManifest.xml:43:13-45:29
203                <action android:name="androidx.profileinstaller.action.SKIP_FILE" />
203-->[androidx.profileinstaller:profileinstaller:1.3.0] AndroidManifest.xml:44:17-85
203-->[androidx.profileinstaller:profileinstaller:1.3.0] AndroidManifest.xml:44:25-82
204            </intent-filter>
205            <intent-filter>
205-->[androidx.profileinstaller:profileinstaller:1.3.0] AndroidManifest.xml:46:13-48:29
206                <action android:name="androidx.profileinstaller.action.SAVE_PROFILE" />
206-->[androidx.profileinstaller:profileinstaller:1.3.0] AndroidManifest.xml:47:17-88
206-->[androidx.profileinstaller:profileinstaller:1.3.0] AndroidManifest.xml:47:25-85
207            </intent-filter>
208            <intent-filter>
208-->[androidx.profileinstaller:profileinstaller:1.3.0] AndroidManifest.xml:49:13-51:29
209                <action android:name="androidx.profileinstaller.action.BENCHMARK_OPERATION" />
209-->[androidx.profileinstaller:profileinstaller:1.3.0] AndroidManifest.xml:50:17-95
209-->[androidx.profileinstaller:profileinstaller:1.3.0] AndroidManifest.xml:50:25-92
210            </intent-filter>
211        </receiver>
212    </application>
213
214</manifest>